<?xml version="1.0" encoding="UTF-8"?>
<!-- Generated by org.testng.reporters.JUnitReportReporter -->
<testsuite skipped="1" hostname="Amruthas-MacBook-Air.local" name="com.crm.qa.TestCases.ContactsPageTest" tests="4" failures="0" timestamp="23 Oct 2019 18:29:04 GMT" time="46.935" errors="0">
  <testcase name="verifyContactsPageLabel" time="14.363" classname="com.crm.qa.TestCases.ContactsPageTest"/>
  <testcase name="selectSingleContactsTest" time="16.281" classname="com.crm.qa.TestCases.ContactsPageTest"/>
  <testcase name="selectMultipleContactsTest" time="16.291" classname="com.crm.qa.TestCases.ContactsPageTest"/>
  <testcase name="validateCreateNewContact" time="0.000" classname="com.crm.qa.TestCases.ContactsPageTest">
    <skipped/>
  </testcase> <!-- validateCreateNewContact -->
</testsuite> <!-- com.crm.qa.TestCases.ContactsPageTest -->
