<?xml version="1.0" encoding="UTF-8"?>
<!-- Generated by org.testng.reporters.JUnitReportReporter -->
<testsuite skipped="0" hostname="Amruthas-MacBook-Air.local" name="com.crm.qa.TestCases.LoginPageTest" tests="3" failures="0" timestamp="23 Oct 2019 18:20:52 GMT" time="18.625" errors="0">
  <testcase name="loginPageTitleTest" time="3.792" classname="com.crm.qa.TestCases.LoginPageTest"/>
  <testcase name="crmLogoImageTest" time="7.992" classname="com.crm.qa.TestCases.LoginPageTest"/>
  <testcase name="loginTest" time="6.841" classname="com.crm.qa.TestCases.LoginPageTest"/>
</testsuite> <!-- com.crm.qa.TestCases.LoginPageTest -->
